la
la
et
de
Traceback (most recent call last):
  File "translate.py", line 37, in <module>
    get_translate(browserHTML, lang, line)
  File "translate.py", line 22, in get_translate
    print(result.text)
  File "/home/devang/tensorflow/lib/python3.5/site-packages/selenium/webdriver/remote/webelement.py", line 76, in text
    return self._execute(Command.GET_ELEMENT_TEXT)['value']
  File "/home/devang/tensorflow/lib/python3.5/site-packages/selenium/webdriver/remote/webelement.py", line 628, in _execute
    return self._parent.execute(command, params)
  File "/home/devang/tensorflow/lib/python3.5/site-packages/selenium/webdriver/remote/webdriver.py", line 314, in execute
    self.error_handler.check_response(response)
  File "/home/devang/tensorflow/lib/python3.5/site-packages/selenium/webdriver/remote/errorhandler.py", line 242, in check_response
    raise exception_class(message, screen, stacktrace)
selenium.common.exceptions.StaleElementReferenceException: Message: stale element reference: element is not attached to the page document
  (Session info: chrome=66.0.3359.181)
  (Driver info: chromedriver=2.39.562718 (9a2698cba08cf5a471a29d30c8b3e12becabb0e9),platform=Windows NT 10.0.17134 x86_64)

